<?xml version="1.0" encoding="UTF-8"?>
<testng-results ignored="0" total="7" passed="6" failed="1" skipped="0">
  <reporter-output>
  </reporter-output>
  <suite started-at="2024-12-17T16:29:29 IST" name="NY Dashboard Suite" finished-at="2024-12-17T16:32:42 IST" duration-ms="192421">
    <groups>
    </groups>
    <test started-at="2024-12-17T16:29:29 IST" name="Dashboard Ride Flow Test" finished-at="2024-12-17T16:31:53 IST" duration-ms="143409">
      <class name="bapFlows.BapLogin">
        <test-method signature="bapLoginFlow()[pri:0, instance:bapFlows.BapLogin@1c93084c]" started-at="2024-12-17T16:29:33 IST" name="bapLoginFlow" finished-at="2024-12-17T16:29:36 IST" duration-ms="2745" status="PASS">
          <reporter-output>
          </reporter-output>
        </test-method> <!-- bapLoginFlow -->
      </class> <!-- bapFlows.BapLogin -->
      <class name="bapFlows.RideSearch">
        <test-method signature="rideSearchFlow()[pri:0, instance:bapFlows.RideSearch@6ef888f6]" started-at="2024-12-17T16:29:36 IST" name="rideSearchFlow" finished-at="2024-12-17T16:30:11 IST" duration-ms="35280" status="PASS">
          <reporter-output>
          </reporter-output>
        </test-method> <!-- rideSearchFlow -->
      </class> <!-- bapFlows.RideSearch -->
      <class name="bppFlows.EndRide">
        <test-method signature="datePicker()[pri:0, instance:bppFlows.EndRide@7ce3cb8e]" started-at="2024-12-17T16:30:50 IST" name="datePicker" finished-at="2024-12-17T16:31:30 IST" duration-ms="40038" status="FAIL">
          <exception class="org.openqa.selenium.TimeoutException">
            <message>
              <![CDATA[Expected condition failed: waiting for presence of element located by: By.tagName: tbody (tried for 40 second(s) with 500 milliseconds interval)]]>
            </message>
            <full-stacktrace>
              <![CDATA[org.openqa.selenium.TimeoutException: Expected condition failed: waiting for presence of element located by: By.tagName: tbody (tried for 40 second(s) with 500 milliseconds interval)
at org.openqa.selenium.support.ui.WebDriverWait.timeoutException(WebDriverWait.java:84)
at org.openqa.selenium.support.ui.FluentWait.until(FluentWait.java:228)
at bppFlows.EndRide.datePicker(EndRide.java:62)
at java.base/jdk.internal.reflect.NativeMethodAccessorImpl.invoke0(Native Method)
at java.base/jdk.internal.reflect.NativeMethodAccessorImpl.invoke(NativeMethodAccessorImpl.java:77)
at java.base/jdk.internal.reflect.DelegatingMethodAccessorImpl.invoke(DelegatingMethodAccessorImpl.java:43)
at java.base/java.lang.reflect.Method.invoke(Method.java:569)
at org.testng.internal.invokers.MethodInvocationHelper.invokeMethod(MethodInvocationHelper.java:141)
at org.testng.internal.invokers.TestInvoker.invokeMethod(TestInvoker.java:686)
at org.testng.internal.invokers.TestInvoker.invokeTestMethod(TestInvoker.java:230)
at org.testng.internal.invokers.MethodRunner.runInSequence(MethodRunner.java:63)
at org.testng.internal.invokers.TestInvoker$MethodInvocationAgent.invoke(TestInvoker.java:992)
at org.testng.internal.invokers.TestInvoker.invokeTestMethods(TestInvoker.java:203)
at org.testng.internal.invokers.TestMethodWorker.invokeTestMethods(TestMethodWorker.java:154)
at org.testng.internal.invokers.TestMethodWorker.run(TestMethodWorker.java:134)
at java.base/java.util.ArrayList.forEach(ArrayList.java:1511)
at org.testng.TestRunner.privateRun(TestRunner.java:739)
at org.testng.TestRunner.run(TestRunner.java:614)
at org.testng.SuiteRunner.runTest(SuiteRunner.java:421)
at org.testng.SuiteRunner.runSequentially(SuiteRunner.java:413)
at org.testng.SuiteRunner.privateRun(SuiteRunner.java:373)
at org.testng.SuiteRunner.run(SuiteRunner.java:312)
at org.testng.SuiteRunnerWorker.runSuite(SuiteRunnerWorker.java:52)
at org.testng.SuiteRunnerWorker.run(SuiteRunnerWorker.java:95)
at org.testng.TestNG.runSuitesSequentially(TestNG.java:1274)
at org.testng.TestNG.runSuitesLocally(TestNG.java:1208)
at org.testng.TestNG.runSuites(TestNG.java:1112)
at org.testng.TestNG.run(TestNG.java:1079)
at org.apache.maven.surefire.testng.TestNGExecutor.run(TestNGExecutor.java:308)
at org.apache.maven.surefire.testng.TestNGXmlTestSuite.execute(TestNGXmlTestSuite.java:71)
at org.apache.maven.surefire.testng.TestNGProvider.invoke(TestNGProvider.java:113)
at org.apache.maven.surefire.booter.ForkedBooter.runSuitesInProcess(ForkedBooter.java:385)
at org.apache.maven.surefire.booter.ForkedBooter.execute(ForkedBooter.java:162)
at org.apache.maven.surefire.booter.ForkedBooter.run(ForkedBooter.java:507)
at org.apache.maven.surefire.booter.ForkedBooter.main(ForkedBooter.java:495)
Caused by: org.openqa.selenium.NoSuchElementException: no such element: Unable to locate element: {"method":"tag name","selector":"tbody"}
  (Session info: chrome=131.0.6778.140)
For documentation on this error, please visit: https://www.selenium.dev/documentation/webdriver/troubleshooting/errors#no-such-element-exception
Build info: version: '4.26.0', revision: '8ccf0219d7'
System info: os.name: 'Mac OS X', os.arch: 'aarch64', os.version: '14.5', java.version: '17.0.13'
Driver info: org.openqa.selenium.chrome.ChromeDriver
Command: [b8ef18d8bd5ee1c9f440cb10ebd44d0d, findElement {using=tag name, value=tbody}]
Capabilities {acceptInsecureCerts: false, browserName: chrome, browserVersion: 131.0.6778.140, chrome: {chromedriverVersion: 131.0.6778.108 (3b014839fbc..., userDataDir: /var/folders/x2/l3qh3h_x7td...}, fedcm:accounts: true, goog:chromeOptions: {debuggerAddress: localhost:57160}, networkConnectionEnabled: false, pageLoadStrategy: normal, platformName: mac, proxy: Proxy(), se:cdp: ws://localhost:57160/devtoo..., se:cdpVersion: 131.0.6778.140, setWindowRect: true, strictFileInteractability: false, timeouts: {implicit: 0, pageLoad: 300000, script: 30000}, unhandledPromptBehavior: dismiss and notify, webauthn:extension:credBlob: true, webauthn:extension:largeBlob: true, webauthn:extension:minPinLength: true, webauthn:extension:prf: true, webauthn:virtualAuthenticators: true}
Session ID: b8ef18d8bd5ee1c9f440cb10ebd44d0d
at jdk.internal.reflect.GeneratedConstructorAccessor8.newInstance(Unknown Source)
at java.base/jdk.internal.reflect.DelegatingConstructorAccessorImpl.newInstance(DelegatingConstructorAccessorImpl.java:45)
at java.base/java.lang.reflect.Constructor.newInstanceWithCaller(Constructor.java:500)
at java.base/java.lang.reflect.Constructor.newInstance(Constructor.java:481)
at org.openqa.selenium.remote.ErrorCodec.decode(ErrorCodec.java:167)
at org.openqa.selenium.remote.codec.w3c.W3CHttpResponseCodec.decode(W3CHttpResponseCodec.java:138)
at org.openqa.selenium.remote.codec.w3c.W3CHttpResponseCodec.decode(W3CHttpResponseCodec.java:50)
at org.openqa.selenium.remote.HttpCommandExecutor.execute(HttpCommandExecutor.java:190)
at org.openqa.selenium.remote.service.DriverCommandExecutor.invokeExecute(DriverCommandExecutor.java:216)
at org.openqa.selenium.remote.service.DriverCommandExecutor.execute(DriverCommandExecutor.java:174)
at org.openqa.selenium.remote.RemoteWebDriver.execute(RemoteWebDriver.java:545)
at org.openqa.selenium.remote.ElementLocation$ElementFinder$2.findElement(ElementLocation.java:165)
at org.openqa.selenium.remote.ElementLocation.findElement(ElementLocation.java:59)
at org.openqa.selenium.remote.RemoteWebDriver.findElement(RemoteWebDriver.java:368)
at org.openqa.selenium.remote.RemoteWebDriver.findElement(RemoteWebDriver.java:362)
at org.openqa.selenium.support.ui.ExpectedConditions$6.apply(ExpectedConditions.java:171)
at org.openqa.selenium.support.ui.ExpectedConditions$6.apply(ExpectedConditions.java:168)
at org.openqa.selenium.support.ui.FluentWait.until(FluentWait.java:203)
... 33 more
]]>
            </full-stacktrace>
          </exception> <!-- org.openqa.selenium.TimeoutException -->
          <reporter-output>
          </reporter-output>
        </test-method> <!-- datePicker -->
        <test-method signature="endRideFlow()[pri:0, instance:bppFlows.EndRide@7ce3cb8e]" started-at="2024-12-17T16:31:30 IST" name="endRideFlow" finished-at="2024-12-17T16:31:52 IST" duration-ms="22784" status="PASS">
          <reporter-output>
          </reporter-output>
        </test-method> <!-- endRideFlow -->
      </class> <!-- bppFlows.EndRide -->
      <class name="bppFlows.BppLogin">
        <test-method signature="bppLoginFlow()[pri:0, instance:bppFlows.BppLogin@10e92f8f]" started-at="2024-12-17T16:30:11 IST" name="bppLoginFlow" finished-at="2024-12-17T16:30:50 IST" duration-ms="38305" status="PASS">
          <reporter-output>
          </reporter-output>
        </test-method> <!-- bppLoginFlow -->
      </class> <!-- bppFlows.BppLogin -->
      <class name="baseClass.BaseClass">
        <test-method is-config="true" signature="setup()[pri:0, instance:baseClass.BaseClass@5c909414]" started-at="2024-12-17T16:29:29 IST" name="setup" finished-at="2024-12-17T16:29:33 IST" duration-ms="4056" status="PASS">
          <reporter-output>
          </reporter-output>
        </test-method> <!-- setup -->
        <test-method is-config="true" signature="tearDown()[pri:0, instance:baseClass.BaseClass@5c909414]" started-at="2024-12-17T16:31:52 IST" name="tearDown" finished-at="2024-12-17T16:31:53 IST" duration-ms="169" status="PASS">
          <reporter-output>
          </reporter-output>
        </test-method> <!-- tearDown -->
      </class> <!-- baseClass.BaseClass -->
    </test> <!-- Dashboard Ride Flow Test -->
    <test started-at="2024-12-17T16:31:58 IST" name="Dashboard User cancellation" finished-at="2024-12-17T16:32:42 IST" duration-ms="43970">
      <class name="bapFlows.BapLogin">
        <test-method signature="bapLoginFlow()[pri:0, instance:bapFlows.BapLogin@31368b99]" started-at="2024-12-17T16:32:01 IST" name="bapLoginFlow" finished-at="2024-12-17T16:32:03 IST" duration-ms="2735" status="PASS">
          <reporter-output>
          </reporter-output>
        </test-method> <!-- bapLoginFlow -->
      </class> <!-- bapFlows.BapLogin -->
      <class name="bapFlows.UserRideCancellation">
        <test-method signature="userRideCancellation()[pri:0, instance:bapFlows.UserRideCancellation@1725dc0f]" started-at="2024-12-17T16:32:03 IST" name="userRideCancellation" finished-at="2024-12-17T16:32:41 IST" duration-ms="38001" status="PASS">
          <reporter-output>
          </reporter-output>
        </test-method> <!-- userRideCancellation -->
      </class> <!-- bapFlows.UserRideCancellation -->
      <class name="baseClass.BaseClass">
        <test-method is-config="true" signature="setup()[pri:0, instance:baseClass.BaseClass@50b472aa]" started-at="2024-12-17T16:31:58 IST" name="setup" finished-at="2024-12-17T16:32:01 IST" duration-ms="3119" status="PASS">
          <reporter-output>
          </reporter-output>
        </test-method> <!-- setup -->
        <test-method is-config="true" signature="tearDown()[pri:0, instance:baseClass.BaseClass@50b472aa]" started-at="2024-12-17T16:32:41 IST" name="tearDown" finished-at="2024-12-17T16:32:42 IST" duration-ms="111" status="PASS">
          <reporter-output>
          </reporter-output>
        </test-method> <!-- tearDown -->
      </class> <!-- baseClass.BaseClass -->
    </test> <!-- Dashboard User cancellation -->
  </suite> <!-- NY Dashboard Suite -->
</testng-results>
